{"C:\\Users\\simam\\OneDrive\\Documents\\GitHub\\hospital-vital-monitoring-system\\creational_patterns\\abstractFactory.js": {"path":"C:\\Users\\simam\\OneDrive\\Documents\\GitHub\\hospital-vital-monitoring-system\\creational_patterns\\abstractFactory.js","statementMap":{"0":{"start":{"line":7,"column":8},"end":{"line":7,"column":28}},"1":{"start":{"line":13,"column":8},"end":{"line":13,"column":31}},"2":{"start":{"line":19,"column":8},"end":{"line":19,"column":51}},"3":{"start":{"line":19,"column":28},"end":{"line":19,"column":51}},"4":{"start":{"line":20,"column":8},"end":{"line":20,"column":57}},"5":{"start":{"line":20,"column":31},"end":{"line":20,"column":57}},"6":{"start":{"line":24,"column":0},"end":{"line":24,"column":27}}},"fnMap":{"0":{"name":"(anonymous_0)","decl":{"start":{"line":2,"column":4},"end":{"line":2,"column":5}},"loc":{"start":{"line":2,"column":13},"end":{"line":2,"column":15}},"line":2},"1":{"name":"(anonymous_1)","decl":{"start":{"line":6,"column":4},"end":{"line":6,"column":5}},"loc":{"start":{"line":6,"column":13},"end":{"line":8,"column":5}},"line":6},"2":{"name":"(anonymous_2)","decl":{"start":{"line":12,"column":4},"end":{"line":12,"column":5}},"loc":{"start":{"line":12,"column":13},"end":{"line":14,"column":5}},"line":12},"3":{"name":"(anonymous_3)","decl":{"start":{"line":18,"column":4},"end":{"line":18,"column":5}},"loc":{"start":{"line":18,"column":24},"end":{"line":21,"column":5}},"line":18}},"branchMap":{"0":{"loc":{"start":{"line":19,"column":8},"end":{"line":19,"column":51}},"type":"if","locations":[{"start":{"line":19,"column":8},"end":{"line":19,"column":51}},{"start":{},"end":{}}],"line":19},"1":{"loc":{"start":{"line":20,"column":8},"end":{"line":20,"column":57}},"type":"if","locations":[{"start":{"line":20,"column":8},"end":{"line":20,"column":57}},{"start":{},"end":{}}],"line":20}},"s":{"0":1,"1":1,"2":2,"3":1,"4":1,"5":1,"6":1},"f":{"0":0,"1":1,"2":1,"3":2},"b":{"0":[1,1],"1":[1,0]},"_coverageSchema":"1a1c01bbd47fc00a2c39e90264f33305004495a9","hash":"eea1f103c935598ae5412c38db93c88d0cf42fa8"}
,"C:\\Users\\simam\\OneDrive\\Documents\\GitHub\\hospital-vital-monitoring-system\\creational_patterns\\builder": {"path":"C:\\Users\\simam\\OneDrive\\Documents\\GitHub\\hospital-vital-monitoring-system\\creational_patterns\\builder","statementMap":{"0":{"start":{"line":3,"column":8},"end":{"line":3,"column":24}},"1":{"start":{"line":7,"column":8},"end":{"line":7,"column":27}},"2":{"start":{"line":8,"column":8},"end":{"line":8,"column":20}},"3":{"start":{"line":12,"column":8},"end":{"line":12,"column":34}},"4":{"start":{"line":13,"column":8},"end":{"line":13,"column":20}},"5":{"start":{"line":17,"column":8},"end":{"line":17,"column":26}},"6":{"start":{"line":21,"column":0},"end":{"line":21,"column":30}}},"fnMap":{"0":{"name":"(anonymous_0)","decl":{"start":{"line":2,"column":4},"end":{"line":2,"column":5}},"loc":{"start":{"line":2,"column":18},"end":{"line":4,"column":5}},"line":2},"1":{"name":"(anonymous_1)","decl":{"start":{"line":6,"column":4},"end":{"line":6,"column":5}},"loc":{"start":{"line":6,"column":14},"end":{"line":9,"column":5}},"line":6},"2":{"name":"(anonymous_2)","decl":{"start":{"line":11,"column":4},"end":{"line":11,"column":5}},"loc":{"start":{"line":11,"column":21},"end":{"line":14,"column":5}},"line":11},"3":{"name":"(anonymous_3)","decl":{"start":{"line":16,"column":4},"end":{"line":16,"column":5}},"loc":{"start":{"line":16,"column":12},"end":{"line":18,"column":5}},"line":16}},"branchMap":{},"s":{"0":1,"1":1,"2":1,"3":1,"4":1,"5":1,"6":1},"f":{"0":1,"1":1,"2":1,"3":1},"b":{},"inputSourceMap":null,"_coverageSchema":"1a1c01bbd47fc00a2c39e90264f33305004495a9","hash":"4d8a685f7d02091edc4b33f4032758d4e0691395"}
,"C:\\Users\\simam\\OneDrive\\Documents\\GitHub\\hospital-vital-monitoring-system\\creational_patterns\\factoryMethod.js": {"path":"C:\\Users\\simam\\OneDrive\\Documents\\GitHub\\hospital-vital-monitoring-system\\creational_patterns\\factoryMethod.js","statementMap":{"0":{"start":{"line":7,"column":8},"end":{"line":7,"column":37}},"1":{"start":{"line":13,"column":8},"end":{"line":13,"column":35}},"2":{"start":{"line":17,"column":0},"end":{"line":17,"column":42}}},"fnMap":{"0":{"name":"(anonymous_0)","decl":{"start":{"line":2,"column":4},"end":{"line":2,"column":5}},"loc":{"start":{"line":2,"column":18},"end":{"line":2,"column":20}},"line":2},"1":{"name":"(anonymous_1)","decl":{"start":{"line":6,"column":4},"end":{"line":6,"column":5}},"loc":{"start":{"line":6,"column":18},"end":{"line":8,"column":5}},"line":6},"2":{"name":"(anonymous_2)","decl":{"start":{"line":12,"column":4},"end":{"line":12,"column":5}},"loc":{"start":{"line":12,"column":18},"end":{"line":14,"column":5}},"line":12}},"branchMap":{},"s":{"0":1,"1":1,"2":1},"f":{"0":0,"1":1,"2":1},"b":{},"_coverageSchema":"1a1c01bbd47fc00a2c39e90264f33305004495a9","hash":"94bb7088dbdaf586edb990e01e195fec5455d916"}
,"C:\\Users\\simam\\OneDrive\\Documents\\GitHub\\hospital-vital-monitoring-system\\creational_patterns\\prototype.js": {"path":"C:\\Users\\simam\\OneDrive\\Documents\\GitHub\\hospital-vital-monitoring-system\\creational_patterns\\prototype.js","statementMap":{"0":{"start":{"line":3,"column":8},"end":{"line":3,"column":25}},"1":{"start":{"line":7,"column":8},"end":{"line":7,"column":52}},"2":{"start":{"line":11,"column":0},"end":{"line":11,"column":32}}},"fnMap":{"0":{"name":"(anonymous_0)","decl":{"start":{"line":2,"column":4},"end":{"line":2,"column":5}},"loc":{"start":{"line":2,"column":22},"end":{"line":4,"column":5}},"line":2},"1":{"name":"(anonymous_1)","decl":{"start":{"line":6,"column":4},"end":{"line":6,"column":5}},"loc":{"start":{"line":6,"column":12},"end":{"line":8,"column":5}},"line":6}},"branchMap":{},"s":{"0":2,"1":1,"2":1},"f":{"0":2,"1":1},"b":{},"_coverageSchema":"1a1c01bbd47fc00a2c39e90264f33305004495a9","hash":"6704775c326f87cb7aa12c6fd0c7fcad59b78bb4"}
,"C:\\Users\\simam\\OneDrive\\Documents\\GitHub\\hospital-vital-monitoring-system\\creational_patterns\\simpleFactory.js": {"path":"C:\\Users\\simam\\OneDrive\\Documents\\GitHub\\hospital-vital-monitoring-system\\creational_patterns\\simpleFactory.js","statementMap":{"0":{"start":{"line":1,"column":16},"end":{"line":1,"column":41}},"1":{"start":{"line":2,"column":15},"end":{"line":2,"column":39}},"2":{"start":{"line":6,"column":8},"end":{"line":6,"column":62}},"3":{"start":{"line":6,"column":32},"end":{"line":6,"column":62}},"4":{"start":{"line":7,"column":8},"end":{"line":7,"column":60}},"5":{"start":{"line":7,"column":31},"end":{"line":7,"column":60}},"6":{"start":{"line":11,"column":0},"end":{"line":11,"column":29}}},"fnMap":{"0":{"name":"(anonymous_0)","decl":{"start":{"line":5,"column":4},"end":{"line":5,"column":5}},"loc":{"start":{"line":5,"column":39},"end":{"line":8,"column":5}},"line":5}},"branchMap":{"0":{"loc":{"start":{"line":6,"column":8},"end":{"line":6,"column":62}},"type":"if","locations":[{"start":{"line":6,"column":8},"end":{"line":6,"column":62}},{"start":{},"end":{}}],"line":6},"1":{"loc":{"start":{"line":7,"column":8},"end":{"line":7,"column":60}},"type":"if","locations":[{"start":{"line":7,"column":8},"end":{"line":7,"column":60}},{"start":{},"end":{}}],"line":7}},"s":{"0":1,"1":1,"2":1,"3":1,"4":0,"5":0,"6":1},"f":{"0":1},"b":{"0":[1,0],"1":[0,0]},"_coverageSchema":"1a1c01bbd47fc00a2c39e90264f33305004495a9","hash":"50d78c75cfacf13d67814e27bcb61da6fb14e605"}
,"C:\\Users\\simam\\OneDrive\\Documents\\GitHub\\hospital-vital-monitoring-system\\creational_patterns\\singleton.js": {"path":"C:\\Users\\simam\\OneDrive\\Documents\\GitHub\\hospital-vital-monitoring-system\\creational_patterns\\singleton.js","statementMap":{"0":{"start":{"line":3,"column":8},"end":{"line":5,"column":9}},"1":{"start":{"line":4,"column":12},"end":{"line":4,"column":37}},"2":{"start":{"line":6,"column":8},"end":{"line":6,"column":38}},"3":{"start":{"line":7,"column":8},"end":{"line":7,"column":33}},"4":{"start":{"line":11,"column":0},"end":{"line":11,"column":26}}},"fnMap":{"0":{"name":"(anonymous_0)","decl":{"start":{"line":2,"column":4},"end":{"line":2,"column":5}},"loc":{"start":{"line":2,"column":18},"end":{"line":8,"column":5}},"line":2}},"branchMap":{"0":{"loc":{"start":{"line":3,"column":8},"end":{"line":5,"column":9}},"type":"if","locations":[{"start":{"line":3,"column":8},"end":{"line":5,"column":9}},{"start":{},"end":{}}],"line":3}},"s":{"0":2,"1":1,"2":1,"3":1,"4":1},"f":{"0":2},"b":{"0":[1,1]},"_coverageSchema":"1a1c01bbd47fc00a2c39e90264f33305004495a9","hash":"0e7c491ab5f525b804457e757a988abce303521d"}
,"C:\\Users\\simam\\OneDrive\\Documents\\GitHub\\hospital-vital-monitoring-system\\src\\Doctor.js": {"path":"C:\\Users\\simam\\OneDrive\\Documents\\GitHub\\hospital-vital-monitoring-system\\src\\Doctor.js","statementMap":{"0":{"start":{"line":1,"column":13},"end":{"line":1,"column":30}},"1":{"start":{"line":5,"column":8},"end":{"line":5,"column":35}},"2":{"start":{"line":9,"column":8},"end":{"line":9,"column":30}},"3":{"start":{"line":13,"column":0},"end":{"line":13,"column":24}}},"fnMap":{"0":{"name":"(anonymous_0)","decl":{"start":{"line":4,"column":4},"end":{"line":4,"column":5}},"loc":{"start":{"line":4,"column":27},"end":{"line":6,"column":5}},"line":4},"1":{"name":"(anonymous_1)","decl":{"start":{"line":8,"column":4},"end":{"line":8,"column":5}},"loc":{"start":{"line":8,"column":29},"end":{"line":10,"column":5}},"line":8}},"branchMap":{},"s":{"0":1,"1":0,"2":0,"3":1},"f":{"0":0,"1":0},"b":{},"_coverageSchema":"1a1c01bbd47fc00a2c39e90264f33305004495a9","hash":"0996a51150a1092cd46d87aa032de5d1d5519f6d"}
,"C:\\Users\\simam\\OneDrive\\Documents\\GitHub\\hospital-vital-monitoring-system\\src\\Patient.js": {"path":"C:\\Users\\simam\\OneDrive\\Documents\\GitHub\\hospital-vital-monitoring-system\\src\\Patient.js","statementMap":{"0":{"start":{"line":1,"column":13},"end":{"line":1,"column":30}},"1":{"start":{"line":5,"column":8},"end":{"line":5,"column":36}},"2":{"start":{"line":6,"column":8},"end":{"line":6,"column":25}},"3":{"start":{"line":10,"column":8},"end":{"line":10,"column":32}},"4":{"start":{"line":14,"column":0},"end":{"line":14,"column":25}}},"fnMap":{"0":{"name":"(anonymous_0)","decl":{"start":{"line":4,"column":4},"end":{"line":4,"column":5}},"loc":{"start":{"line":4,"column":27},"end":{"line":7,"column":5}},"line":4},"1":{"name":"(anonymous_1)","decl":{"start":{"line":9,"column":4},"end":{"line":9,"column":5}},"loc":{"start":{"line":9,"column":20},"end":{"line":11,"column":5}},"line":9}},"branchMap":{},"s":{"0":1,"1":1,"2":1,"3":0,"4":1},"f":{"0":1,"1":0},"b":{},"_coverageSchema":"1a1c01bbd47fc00a2c39e90264f33305004495a9","hash":"a6b0d6610ad35fc90c07dc1878ddf39ee62256c4"}
,"C:\\Users\\simam\\OneDrive\\Documents\\GitHub\\hospital-vital-monitoring-system\\src\\User.js": {"path":"C:\\Users\\simam\\OneDrive\\Documents\\GitHub\\hospital-vital-monitoring-system\\src\\User.js","statementMap":{"0":{"start":{"line":3,"column":8},"end":{"line":3,"column":21}},"1":{"start":{"line":4,"column":8},"end":{"line":4,"column":27}},"2":{"start":{"line":5,"column":8},"end":{"line":5,"column":25}},"3":{"start":{"line":9,"column":8},"end":{"line":9,"column":41}},"4":{"start":{"line":13,"column":0},"end":{"line":13,"column":22}}},"fnMap":{"0":{"name":"(anonymous_0)","decl":{"start":{"line":2,"column":4},"end":{"line":2,"column":5}},"loc":{"start":{"line":2,"column":33},"end":{"line":6,"column":5}},"line":2},"1":{"name":"(anonymous_1)","decl":{"start":{"line":8,"column":4},"end":{"line":8,"column":5}},"loc":{"start":{"line":8,"column":12},"end":{"line":10,"column":5}},"line":8}},"branchMap":{},"s":{"0":1,"1":1,"2":1,"3":0,"4":1},"f":{"0":1,"1":0},"b":{},"_coverageSchema":"1a1c01bbd47fc00a2c39e90264f33305004495a9","hash":"b7afd3a08a8539ad39a778c9db0106ad9ece733e"}
}
