TN:
SF:creational_patterns\abstractFactory.js
FN:2,(anonymous_0)
FN:6,(anonymous_1)
FN:12,(anonymous_2)
FN:18,(anonymous_3)
FNF:4
FNH:3
FNDA:0,(anonymous_0)
FNDA:1,(anonymous_1)
FNDA:1,(anonymous_2)
FNDA:2,(anonymous_3)
DA:7,1
DA:13,1
DA:19,2
DA:20,1
DA:24,1
LF:5
LH:5
BRDA:19,0,0,1
BRDA:19,0,1,1
BRDA:20,1,0,1
BRDA:20,1,1,0
BRF:4
BRH:3
end_of_record
TN:
SF:creational_patterns\builder
FN:2,(anonymous_0)
FN:6,(anonymous_1)
FN:11,(anonymous_2)
FN:16,(anonymous_3)
FNF:4
FNH:4
FNDA:1,(anonymous_0)
FNDA:1,(anonymous_1)
FNDA:1,(anonymous_2)
FNDA:1,(anonymous_3)
DA:3,1
DA:7,1
DA:8,1
DA:12,1
DA:13,1
DA:17,1
DA:21,1
LF:7
LH:7
BRF:0
BRH:0
end_of_record
TN:
SF:creational_patterns\factoryMethod.js
FN:2,(anonymous_0)
FN:6,(anonymous_1)
FN:12,(anonymous_2)
FNF:3
FNH:2
FNDA:0,(anonymous_0)
FNDA:1,(anonymous_1)
FNDA:1,(anonymous_2)
DA:7,1
DA:13,1
DA:17,1
LF:3
LH:3
BRF:0
BRH:0
end_of_record
TN:
SF:creational_patterns\prototype.js
FN:2,(anonymous_0)
FN:6,(anonymous_1)
FNF:2
FNH:2
FNDA:2,(anonymous_0)
FNDA:1,(anonymous_1)
DA:3,2
DA:7,1
DA:11,1
LF:3
LH:3
BRF:0
BRH:0
end_of_record
TN:
SF:creational_patterns\simpleFactory.js
FN:5,(anonymous_0)
FNF:1
FNH:1
FNDA:1,(anonymous_0)
DA:1,1
DA:2,1
DA:6,1
DA:7,0
DA:11,1
LF:5
LH:4
BRDA:6,0,0,1
BRDA:6,0,1,0
BRDA:7,1,0,0
BRDA:7,1,1,0
BRF:4
BRH:1
end_of_record
TN:
SF:creational_patterns\singleton.js
FN:2,(anonymous_0)
FNF:1
FNH:1
FNDA:2,(anonymous_0)
DA:3,2
DA:4,1
DA:6,1
DA:7,1
DA:11,1
LF:5
LH:5
BRDA:3,0,0,1
BRDA:3,0,1,1
BRF:2
BRH:2
end_of_record
TN:
SF:src\Doctor.js
FN:4,(anonymous_0)
FN:8,(anonymous_1)
FNF:2
FNH:0
FNDA:0,(anonymous_0)
FNDA:0,(anonymous_1)
DA:1,1
DA:5,0
DA:9,0
DA:13,1
LF:4
LH:2
BRF:0
BRH:0
end_of_record
TN:
SF:src\Patient.js
FN:4,(anonymous_0)
FN:9,(anonymous_1)
FNF:2
FNH:1
FNDA:1,(anonymous_0)
FNDA:0,(anonymous_1)
DA:1,1
DA:5,1
DA:6,1
DA:10,0
DA:14,1
LF:5
LH:4
BRF:0
BRH:0
end_of_record
TN:
SF:src\User.js
FN:2,(anonymous_0)
FN:8,(anonymous_1)
FNF:2
FNH:1
FNDA:1,(anonymous_0)
FNDA:0,(anonymous_1)
DA:3,1
DA:4,1
DA:5,1
DA:9,0
DA:13,1
LF:5
LH:4
BRF:0
BRH:0
end_of_record
